INFO [2021-07-23 17:50:52] [[1]]
INFO [2021-07-23 17:50:52] venn.x
INFO [2021-07-23 17:50:52] 
INFO [2021-07-23 17:50:52] $filename
INFO [2021-07-23 17:50:52] [1] "Mcap2020/Figures/Metabolomics/Developmental_venn.png"
INFO [2021-07-23 17:50:52] 
INFO [2021-07-23 17:50:52] $output
INFO [2021-07-23 17:50:52] [1] TRUE
INFO [2021-07-23 17:50:52] 
INFO [2021-07-23 17:50:52] $height
INFO [2021-07-23 17:50:52] [1] 500
INFO [2021-07-23 17:50:52] 
INFO [2021-07-23 17:50:52] $width
INFO [2021-07-23 17:50:52] [1] 500
INFO [2021-07-23 17:50:52] 
INFO [2021-07-23 17:50:52] $resolution
INFO [2021-07-23 17:50:52] [1] 300
INFO [2021-07-23 17:50:52] 
INFO [2021-07-23 17:50:52] $category.names
INFO [2021-07-23 17:50:52] c("Egg vs \nEmbryo", "Embryo vs \nLarvae", "Larvae vs \nMetamorphosed Recruit", 
INFO [2021-07-23 17:50:52]     "Larvae vs \nCalcifying Recruit", "Metamorphosed vs \nCalcifying Recruit")
INFO [2021-07-23 17:50:52] 
INFO [2021-07-23 17:50:52] $lwd
INFO [2021-07-23 17:50:52] [1] 1
INFO [2021-07-23 17:50:52] 
INFO [2021-07-23 17:50:52] $col
INFO [2021-07-23 17:50:52] c("blue", "orange", "green", "yellow", "purple")
INFO [2021-07-23 17:50:52] 
INFO [2021-07-23 17:50:52] $fill
INFO [2021-07-23 17:50:52] c(alpha("blue", 0.3), alpha("orange", 0.3), alpha("green", 0.3), 
INFO [2021-07-23 17:50:52]     alpha("yellow", 0.3), alpha("purple", 0.3))
INFO [2021-07-23 17:50:52] 
INFO [2021-07-23 17:50:52] $cex
INFO [2021-07-23 17:50:52] [1] 0.2
INFO [2021-07-23 17:50:52] 
INFO [2021-07-23 17:50:52] $fontfamily
INFO [2021-07-23 17:50:52] [1] "sans"
INFO [2021-07-23 17:50:52] 
INFO [2021-07-23 17:50:52] $fontface
INFO [2021-07-23 17:50:52] [1] "bold"
INFO [2021-07-23 17:50:52] 
INFO [2021-07-23 17:50:52] $cat.cex
INFO [2021-07-23 17:50:52] [1] 0.2
INFO [2021-07-23 17:50:52] 
INFO [2021-07-23 17:50:52] $cat.default.pos
INFO [2021-07-23 17:50:52] [1] "text"
INFO [2021-07-23 17:50:52] 
INFO [2021-07-23 17:50:52] $cat.dist
INFO [2021-07-23 17:50:52] c(0.3, 0.3, 0.3, 0.3, 0.4)
INFO [2021-07-23 17:50:52] 
INFO [2021-07-23 17:50:52] $cat.fontfamily
INFO [2021-07-23 17:50:52] [1] "sans"
INFO [2021-07-23 17:50:52] 
INFO [2021-07-23 17:50:52] $cat.fontface
INFO [2021-07-23 17:50:52] [1] "bold"
INFO [2021-07-23 17:50:52] 
INFO [2021-07-23 17:50:52] $margin
INFO [2021-07-23 17:50:52] c(0.4, 0.4, 0.4, 0.4)
INFO [2021-07-23 17:50:52] 
